{"synthetic": false,
 "schemaVersion": "2025-09-10",
 "outputs":
 {"o": ["1081eefc4c6d6404.olean"],
  "i": "c23283f988f2a412.ilean",
  "c": "1adb2d4cd4dc741c.c"},
 "log":
 [{"message":
   ".> LEAN_PATH=/Users/inaciof.vasquez/github-audit/CorrRank/.lake/packages/Cli/.lake/build/lib/lean:/Users/inaciof.vasquez/github-audit/CorrRank/.lake/packages/batteries/.lake/build/lib/lean:/Users/inaciof.vasquez/github-audit/CorrRank/.lake/packages/Qq/.lake/build/lib/lean:/Users/inaciof.vasquez/github-audit/CorrRank/.lake/packages/aesop/.lake/build/lib/lean:/Users/inaciof.vasquez/github-audit/CorrRank/.lake/packages/proofwidgets/.lake/build/lib/lean:/Users/inaciof.vasquez/github-audit/CorrRank/.lake/packages/importGraph/.lake/build/lib/lean:/Users/inaciof.vasquez/github-audit/CorrRank/.lake/packages/LeanSearchClient/.lake/build/lib/lean:/Users/inaciof.vasquez/github-audit/CorrRank/.lake/packages/plausible/.lake/build/lib/lean:/Users/inaciof.vasquez/github-audit/CorrRank/.lake/packages/mathlib/.lake/build/lib/lean:/Users/inaciof.vasquez/github-audit/CorrRank/.lake/build/lib/lean /Users/inaciof.vasquez/.elan/toolchains/leanprover--lean4---v4.29.0-rc4/bin/lean /Users/inaciof.vasquez/github-audit/CorrRank/src/CorrRank.lean -o /Users/inaciof.vasquez/github-audit/CorrRank/.lake/build/lib/lean/CorrRank.olean -i /Users/inaciof.vasquez/github-audit/CorrRank/.lake/build/lib/lean/CorrRank.ilean -c /Users/inaciof.vasquez/github-audit/CorrRank/.lake/build/ir/CorrRank.c --setup /Users/inaciof.vasquez/github-audit/CorrRank/.lake/build/ir/CorrRank.setup.json --json",
   "level": "trace"}],
 "inputs":
 [["CorrRank:deps",
   [["deps",
     [["CorrRank/CorrRank:extraDep",
       [["@CorrRank:extraDep", "00000000000006bb"]]],
      ["imports",
       [["CorrRank.CorrRankRigidity_Final transitive imports (legacy)",
         "716f47c2f7276197"],
        ["CorrRank.CorrRankRigidity_Final:importAllArts",
         "0738e8a273663700"]]]]],
    ["libs",
     [["import dynlibs", "00000000000006bb"],
      ["package external libraries", "00000000000006bb"],
      ["module dynlibs", "00000000000006bb"],
      ["module plugins", "00000000000006bb"]]]]],
  ["Lean 4.29.0, commit 95583d74bd14ff8cc2b789347d15dfdad1259f97",
   "b47cb87a0b6f79d6"],
  ["/Users/inaciof.vasquez/github-audit/CorrRank/src/CorrRank.lean",
   "fe7941590567f0f6"],
  ["options", "00000000000006bb"],
  ["isModule: false", "feefd2a0d3a1847e"],
  ["Module.name: CorrRank", "a611b453aa3091c6"],
  ["Package.id?: (some CorrRank)", "18bbe37a0657b0af"],
  ["Module.leanArgs: #[]", "00000000000006bb"]],
 "depHash": "8a793b0df0c9afd4"}